<?xml version="1.0" encoding="UTF-8"?>
<!-- Generated by org.testng.reporters.JUnitXMLReporter -->
<testsuite ignored="0" hostname="ozels-mbp.lan" failures="5" tests="5" name="Test" time="77.821" errors="0" timestamp="2020-05-30T14:12:01 EDT">
  <testcase classname="com.hrms.testcases.AddEmployeeTest" name="addEmployee" time="9.06">
    <failure type="org.openqa.selenium.InvalidArgumentException" message="invalid argument: File not found : /Users/seymaatasoy/Downloads/bradley.png
  (Session info: chrome=83.0.4103.61)
Build info: version: &amp;apos;3.141.59&amp;apos;, revision: &amp;apos;e82be7d358&amp;apos;, time: &amp;apos;2018-11-14T08:17:03&amp;apos;
System info: host: &amp;apos;ozels-mbp.lan&amp;apos;, ip: &amp;apos;fe80:0:0:0:18bd:1b60:3288:4075%en0&amp;apos;, os.name: &amp;apos;Mac OS X&amp;apos;, os.arch: &amp;apos;x86_64&amp;apos;, os.version: &amp;apos;10.13.6&amp;apos;, java.version: &amp;apos;10.0.1&amp;apos;
Driver info: org.openqa.selenium.chrome.ChromeDriver
Capabilities {acceptInsecureCerts: false, browserName: chrome, browserVersion: 83.0.4103.61, chrome: {chromedriverVersion: 83.0.4103.39 (ccbf011cb2d2b..., userDataDir: /var/folders/p2/91ckwv0n0v9...}, goog:chromeOptions: {debuggerAddress: localhost:61151}, javascriptEnabled: true, networkConnectionEnabled: false, pageLoadStrategy: normal, platform: MAC, platformName: MAC, proxy: Proxy(), setWindowRect: true, strictFileInteractability: false, timeouts: {implicit: 0, pageLoad: 300000, script: 30000}, unhandledPromptBehavior: dismiss and notify, webauthn:virtualAuthenticators: true}
Session ID: 1601e5f3fc06208948861fb79d4dbb2a">
      <![CDATA[org.openqa.selenium.InvalidArgumentException: invalid argument: File not found : /Users/seymaatasoy/Downloads/bradley.png
  (Session info: chrome=83.0.4103.61)
Build info: version: '3.141.59', revision: 'e82be7d358', time: '2018-11-14T08:17:03'
System info: host: 'ozels-mbp.lan', ip: 'fe80:0:0:0:18bd:1b60:3288:4075%en0', os.name: 'Mac OS X', os.arch: 'x86_64', os.version: '10.13.6', java.version: '10.0.1'
Driver info: org.openqa.selenium.chrome.ChromeDriver
Capabilities {acceptInsecureCerts: false, browserName: chrome, browserVersion: 83.0.4103.61, chrome: {chromedriverVersion: 83.0.4103.39 (ccbf011cb2d2b..., userDataDir: /var/folders/p2/91ckwv0n0v9...}, goog:chromeOptions: {debuggerAddress: localhost:61151}, javascriptEnabled: true, networkConnectionEnabled: false, pageLoadStrategy: normal, platform: MAC, platformName: MAC, proxy: Proxy(), setWindowRect: true, strictFileInteractability: false, timeouts: {implicit: 0, pageLoad: 300000, script: 30000}, unhandledPromptBehavior: dismiss and notify, webauthn:virtualAuthenticators: true}
Session ID: 1601e5f3fc06208948861fb79d4dbb2a
at org.openqa.selenium.remote.http.W3CHttpResponseCodec.createException(W3CHttpResponseCodec.java:187)
at org.openqa.selenium.remote.http.W3CHttpResponseCodec.decode(W3CHttpResponseCodec.java:122)
at org.openqa.selenium.remote.http.W3CHttpResponseCodec.decode(W3CHttpResponseCodec.java:49)
at org.openqa.selenium.remote.HttpCommandExecutor.execute(HttpCommandExecutor.java:158)
at org.openqa.selenium.remote.service.DriverCommandExecutor.execute(DriverCommandExecutor.java:83)
at org.openqa.selenium.remote.RemoteWebDriver.execute(RemoteWebDriver.java:552)
at org.openqa.selenium.remote.RemoteWebElement.execute(RemoteWebElement.java:285)
at org.openqa.selenium.remote.RemoteWebElement.sendKeys(RemoteWebElement.java:106)
at org.openqa.selenium.support.pagefactory.internal.LocatingElementHandler.invoke(LocatingElementHandler.java:51)
at com.sun.proxy.$Proxy12.sendKeys(Unknown Source)
at com.hrms.utils.CommonMethods.sendText(CommonMethods.java:36)
at com.hrms.pages.AddemployeeElements.empDetails(AddemployeeElements.java:75)
at com.hrms.testcases.AddEmployeeTest.addEmployee(AddEmployeeTest.java:42)
at java.base/java.util.ArrayList.forEach(ArrayList.java:1378)
... Removed 35 stack frames]]>
    </failure>
  </testcase> <!-- addEmployee -->
  <testcase classname="com.hrms.testcases.AddEmployeeTest" name="requiredFields" time="18.523">
    <failure type="java.lang.AssertionError" message="Required expected:&amp;lt;Required&amp;gt; but was:&amp;lt;First name not entered&amp;gt;">
      <![CDATA[java.lang.AssertionError: Required expected:<Required> but was:<First name not entered>
at com.hrms.testcases.AddEmployeeTest.requiredFields(AddEmployeeTest.java:57)
at java.base/java.util.ArrayList.forEach(ArrayList.java:1378)
... Removed 28 stack frames]]>
    </failure>
  </testcase> <!-- requiredFields -->
  <testcase classname="com.hrms.testcases.LoginTest" name="emptyUsernameLogin" time="0.329">
    <failure type="java.lang.AssertionError" message="Username cannot be empty expected:&amp;lt;Username cannot be empty&amp;gt; but was:&amp;lt;Error message text doesn&amp;apos;t match&amp;gt;">
      <![CDATA[java.lang.AssertionError: Username cannot be empty expected:<Username cannot be empty> but was:<Error message text doesn't match>
at com.hrms.testcases.LoginTest.emptyUsernameLogin(LoginTest.java:67)
at java.base/java.util.ArrayList.forEach(ArrayList.java:1378)
... Removed 28 stack frames]]>
    </failure>
  </testcase> <!-- emptyUsernameLogin -->
  <testcase classname="com.hrms.testcases.LoginTest" name="invalidPasswordLogin" time="1.356">
    <failure type="java.lang.AssertionError" message="Invalid credentials expected:&amp;lt;Invalid credentials&amp;gt; but was:&amp;lt;Error message text doesn&amp;apos;t match&amp;gt;">
      <![CDATA[java.lang.AssertionError: Invalid credentials expected:<Invalid credentials> but was:<Error message text doesn't match>
at com.hrms.testcases.LoginTest.invalidPasswordLogin(LoginTest.java:55)
at java.base/java.util.ArrayList.forEach(ArrayList.java:1378)
... Removed 28 stack frames]]>
    </failure>
  </testcase> <!-- invalidPasswordLogin -->
  <testcase classname="com.hrms.testcases.LoginTest" name="validAdminLogin" time="7.495">
    <failure type="java.lang.AssertionError" message="Welcome Admin expected:&amp;lt;Welcome Admin&amp;gt; but was:&amp;lt;Admin is not Logged in&amp;gt;">
      <![CDATA[java.lang.AssertionError: Welcome Admin expected:<Welcome Admin> but was:<Admin is not Logged in>
at com.hrms.testcases.LoginTest.validAdminLogin(LoginTest.java:45)
at java.base/java.util.ArrayList.forEach(ArrayList.java:1378)
... Removed 28 stack frames]]>
    </failure>
  </testcase> <!-- validAdminLogin -->
</testsuite> <!-- Test -->
